CRITICAL - 2023-08-30 08:57:26 --> Too few arguments to function App\Controllers\Hello::say_hello(), 0 passed in /Applications/XAMPP/xamppfiles/htdocs/training-ci/system/CodeIgniter.php on line 915 and exactly 1 expected
in APPPATH/Controllers/Hello.php on line 13.
 1 SYSTEMPATH/CodeIgniter.php(915): App\Controllers\Hello->say_hello()
 2 SYSTEMPATH/CodeIgniter.php(492): CodeIgniter\CodeIgniter->runController(Object(App\Controllers\Hello))
 3 SYSTEMPATH/CodeIgniter.php(353): CodeIgniter\CodeIgniter->handleRequest(null, Object(Config\Cache), false)
 4 FCPATH/index.php(79): CodeIgniter\CodeIgniter->run()
 5 SYSTEMPATH/Commands/Server/rewrite.php(47): require_once('/Applications/XAMPP/xamppfiles/htdocs/training-ci/public/index.php')
CRITICAL - 2023-08-30 08:58:09 --> Too few arguments to function App\Controllers\Hello::say_hello(), 0 passed in /Applications/XAMPP/xamppfiles/htdocs/training-ci/system/CodeIgniter.php on line 915 and exactly 1 expected
in APPPATH/Controllers/Hello.php on line 13.
 1 SYSTEMPATH/CodeIgniter.php(915): App\Controllers\Hello->say_hello()
 2 SYSTEMPATH/CodeIgniter.php(492): CodeIgniter\CodeIgniter->runController(Object(App\Controllers\Hello))
 3 SYSTEMPATH/CodeIgniter.php(353): CodeIgniter\CodeIgniter->handleRequest(null, Object(Config\Cache), false)
 4 FCPATH/index.php(79): CodeIgniter\CodeIgniter->run()
 5 SYSTEMPATH/Commands/Server/rewrite.php(47): require_once('/Applications/XAMPP/xamppfiles/htdocs/training-ci/public/index.php')
CRITICAL - 2023-08-30 08:58:21 --> Undefined variable $name
in APPPATH/Views/v_hello.php on line 13.
 1 APPPATH/Views/v_hello.php(13): CodeIgniter\Debug\Exceptions->errorHandler(2, 'Undefined variable $name', '/Applications/XAMPP/xamppfiles/htdocs/training-ci/app/Views/v_hello.php', 13)
 2 SYSTEMPATH/View/View.php(226): include('/Applications/XAMPP/xamppfiles/htdocs/training-ci/app/Views/v_hello.php')
 3 SYSTEMPATH/View/View.php(229): CodeIgniter\View\View->CodeIgniter\View\{closure}()
 4 SYSTEMPATH/Common.php(1178): CodeIgniter\View\View->render('v_hello', [], true)
 5 APPPATH/Controllers/Hello.php(18): view('v_hello')
 6 SYSTEMPATH/CodeIgniter.php(915): App\Controllers\Hello->say_hello()
 7 SYSTEMPATH/CodeIgniter.php(492): CodeIgniter\CodeIgniter->runController(Object(App\Controllers\Hello))
 8 SYSTEMPATH/CodeIgniter.php(353): CodeIgniter\CodeIgniter->handleRequest(null, Object(Config\Cache), false)
 9 FCPATH/index.php(79): CodeIgniter\CodeIgniter->run()
10 SYSTEMPATH/Commands/Server/rewrite.php(47): require_once('/Applications/XAMPP/xamppfiles/htdocs/training-ci/public/index.php')
CRITICAL - 2023-08-30 08:58:22 --> Undefined variable $name
in APPPATH/Views/v_hello.php on line 13.
 1 APPPATH/Views/v_hello.php(13): CodeIgniter\Debug\Exceptions->errorHandler(2, 'Undefined variable $name', '/Applications/XAMPP/xamppfiles/htdocs/training-ci/app/Views/v_hello.php', 13)
 2 SYSTEMPATH/View/View.php(226): include('/Applications/XAMPP/xamppfiles/htdocs/training-ci/app/Views/v_hello.php')
 3 SYSTEMPATH/View/View.php(229): CodeIgniter\View\View->CodeIgniter\View\{closure}()
 4 SYSTEMPATH/Common.php(1178): CodeIgniter\View\View->render('v_hello', [], true)
 5 APPPATH/Controllers/Hello.php(18): view('v_hello')
 6 SYSTEMPATH/CodeIgniter.php(915): App\Controllers\Hello->say_hello()
 7 SYSTEMPATH/CodeIgniter.php(492): CodeIgniter\CodeIgniter->runController(Object(App\Controllers\Hello))
 8 SYSTEMPATH/CodeIgniter.php(353): CodeIgniter\CodeIgniter->handleRequest(null, Object(Config\Cache), false)
 9 FCPATH/index.php(79): CodeIgniter\CodeIgniter->run()
10 SYSTEMPATH/Commands/Server/rewrite.php(47): require_once('/Applications/XAMPP/xamppfiles/htdocs/training-ci/public/index.php')
CRITICAL - 2023-08-30 08:59:00 --> Too few arguments to function App\Controllers\Hello::say_hello(), 0 passed in /Applications/XAMPP/xamppfiles/htdocs/training-ci/system/CodeIgniter.php on line 915 and exactly 1 expected
in APPPATH/Controllers/Hello.php on line 13.
 1 SYSTEMPATH/CodeIgniter.php(915): App\Controllers\Hello->say_hello()
 2 SYSTEMPATH/CodeIgniter.php(492): CodeIgniter\CodeIgniter->runController(Object(App\Controllers\Hello))
 3 SYSTEMPATH/CodeIgniter.php(353): CodeIgniter\CodeIgniter->handleRequest(null, Object(Config\Cache), false)
 4 FCPATH/index.php(79): CodeIgniter\CodeIgniter->run()
 5 SYSTEMPATH/Commands/Server/rewrite.php(47): require_once('/Applications/XAMPP/xamppfiles/htdocs/training-ci/public/index.php')
CRITICAL - 2023-08-30 08:59:36 --> Too few arguments to function App\Controllers\Hello::say_hello(), 0 passed in /Applications/XAMPP/xamppfiles/htdocs/training-ci/system/CodeIgniter.php on line 915 and exactly 1 expected
in APPPATH/Controllers/Hello.php on line 13.
 1 SYSTEMPATH/CodeIgniter.php(915): App\Controllers\Hello->say_hello()
 2 SYSTEMPATH/CodeIgniter.php(492): CodeIgniter\CodeIgniter->runController(Object(App\Controllers\Hello))
 3 SYSTEMPATH/CodeIgniter.php(353): CodeIgniter\CodeIgniter->handleRequest(null, Object(Config\Cache), false)
 4 FCPATH/index.php(79): CodeIgniter\CodeIgniter->run()
 5 SYSTEMPATH/Commands/Server/rewrite.php(47): require_once('/Applications/XAMPP/xamppfiles/htdocs/training-ci/public/index.php')
CRITICAL - 2023-08-30 09:00:20 --> Too few arguments to function App\Controllers\Hello::say_hello(), 0 passed in /Applications/XAMPP/xamppfiles/htdocs/training-ci/system/CodeIgniter.php on line 915 and exactly 1 expected
in APPPATH/Controllers/Hello.php on line 13.
 1 SYSTEMPATH/CodeIgniter.php(915): App\Controllers\Hello->say_hello()
 2 SYSTEMPATH/CodeIgniter.php(492): CodeIgniter\CodeIgniter->runController(Object(App\Controllers\Hello))
 3 SYSTEMPATH/CodeIgniter.php(353): CodeIgniter\CodeIgniter->handleRequest(null, Object(Config\Cache), false)
 4 FCPATH/index.php(79): CodeIgniter\CodeIgniter->run()
 5 SYSTEMPATH/Commands/Server/rewrite.php(47): require_once('/Applications/XAMPP/xamppfiles/htdocs/training-ci/public/index.php')
